<?xml version="1.0" encoding="UTF-8"?>
<!-- Generated by org.testng.reporters.JUnitReportReporter -->
<testsuite hostname="PGPL-03" failures="0" tests="2" name="listeners.TestNGListerner" time="0.024" errors="0" timestamp="2023-08-02T14:26:09 IST" skipped="0">
  <testcase classname="listeners.TestNGListerner" name="loginbyemail" time="0.021"/>
  <system-out/>
  <testcase classname="listeners.TestNGListerner" name="loginbyfacebook" time="0.003"/>
  <system-out/>
</testsuite> <!-- listeners.TestNGListerner -->
